<?xml version="1.0" encoding="UTF-8"?>
<!-- Generated by org.testng.reporters.JUnitXMLReporter -->
<testsuite ignored="0" hostname="DESKTOP-6RSBDQK" failures="5" tests="58" name="Test" time="497.326" errors="0" timestamp="2025-07-22T19:38:20 IST">
  <testcase classname="ipltesting.AlertExample" name="alertDemo" time="7.738"/>
  <testcase classname="ipltesting.AllAnnotationExample" name="T1" time="0.001"/>
  <testcase classname="ipltesting.AllAnnotationExample" name="T2" time="0.001"/>
  <testcase classname="ipltesting.BrowserCommand" name="Browsercommand" time="6.746"/>
  <testcase classname="ipltesting.BrowserCommand" name="Navigation" time="9.952"/>
  <testcase classname="ipltesting.BrowserCommand" name="GoogleSignClick" time="4.538"/>
  <testcase classname="ipltesting.BrowserCommand" name="navDemo" time="13.584"/>
  <testcase classname="ipltesting.DataproviderExample" name="validLogin" time="0.003"/>
  <testcase classname="ipltesting.DataproviderExample" name="validLogin" time="0.001"/>
  <testcase classname="ipltesting.DataproviderExample" name="validLogin" time="0.001"/>
  <testcase classname="ipltesting.DependacyExample" name="Createuser" time="0.002"/>
  <testcase classname="ipltesting.DependacyExample" name="Updatepassword" time="0.002"/>
  <testcase classname="ipltesting.DependacyExample" name="Deleteuser" time="0.001"/>
  <testcase classname="ipltesting.DependacyExample" name="Read" time="0.001"/>
  <testcase classname="ipltesting.Dummy" name="software" time="8.214"/>
  <testcase classname="ipltesting.GoogleLogin" name="LoginTestcase" time="10.653"/>
  <testcase classname="ipltesting.GroupsExample" name="Deleteuser" time="0.002"/>
  <testcase classname="ipltesting.GroupsExample" name="Read" time="0.001"/>
  <testcase classname="ipltesting.GroupsExample" name="Read1" time="0.001"/>
  <testcase classname="ipltesting.GroupsExample" name="Updatepassword" time="0.001"/>
  <testcase classname="ipltesting.GroupsExample" name="a1" time="0.001"/>
  <testcase classname="ipltesting.GroupsTesting" name="Deleteuser" time="0.001"/>
  <testcase classname="ipltesting.GroupsTesting" name="Read" time="0.001"/>
  <testcase classname="ipltesting.GroupsTesting" name="Updatepassword" time="0.001"/>
  <testcase classname="ipltesting.GroupsTesting" name="a1" time="0.001"/>
  <testcase classname="ipltesting.HardAssertExample" name="tc1" time="0.007"/>
  <testcase classname="ipltesting.HardAssertExample" name="tc2" time="0.002"/>
  <testcase classname="ipltesting.IframeExample" name="iframeDemo" time="37.731"/>
  <testcase classname="ipltesting.List_WebElement_Amazon" name="locatoramazon" time="51.975"/>
  <testcase classname="ipltesting.List_WebElement_Amazon" name="software" time="18.505"/>
  <testcase classname="ipltesting.ParametersExample" name="ValidusrnameValidPasswordTest" time="0.001"/>
  <testcase classname="ipltesting.Para_Example" name="InvalidLogin" time="0.003"/>
  <testcase classname="ipltesting.Para_Example" name="validLogin" time="0.003"/>
  <testcase classname="ipltesting.ReadExcel" name="Readfile" time="18.639"/>
  <testcase classname="ipltesting.ReadExcel" name="WriteExcel" time="0.0">
    <failure type="org.testng.TestNGException" message="
Cannot inject @Test annotated Method [WriteExcel] with [class java.lang.String, int].
For more information on native dependency injection please refer to https://testng.org/#_dependency_injection">
      <![CDATA[org.testng.TestNGException: 
Cannot inject @Test annotated Method [WriteExcel] with [class java.lang.String, int].
For more information on native dependency injection please refer to https://testng.org/#_dependency_injection
at java.base/java.util.ArrayList.forEach(ArrayList.java:1596)
... Removed 26 stack frames]]>
    </failure>
  </testcase> <!-- WriteExcel -->
  <testcase classname="ipltesting.RobotExample" name="robotExample" time="7.555">
    <failure type="org.openqa.selenium.WebDriverException" message="unknown error: JavaScript code failed
from unknown command: &amp;apos;Runtime.evaluate&amp;apos; wasn&amp;apos;t found
  (Session info: chrome=138.0.7204.158)
Build info: version: &amp;apos;4.34.0&amp;apos;, revision: &amp;apos;707dcb4246*&amp;apos;
System info: os.name: &amp;apos;Windows 11&amp;apos;, os.arch: &amp;apos;amd64&amp;apos;, os.version: &amp;apos;10.0&amp;apos;, java.version: &amp;apos;21.0.4&amp;apos;
Driver info: org.openqa.selenium.chrome.ChromeDriver
Command: [014bf53f0198a2c2db03db39bdeeabdb, maximizeCurrentWindow {}]
Capabilities {acceptInsecureCerts: false, browserName: chrome, browserVersion: 138.0.7204.158, chrome: {chromedriverVersion: 138.0.7204.157 (e533e98b126..., userDataDir: C:\Users\DELLEN~1\AppData\L...}, fedcm:accounts: true, goog:chromeOptions: {debuggerAddress: localhost:56424}, networkConnectionEnabled: false, pageLoadStrategy: normal, platformName: windows, proxy: Proxy(), se:cdp: ws://localhost:56424/devtoo..., se:cdpVersion: 138.0.7204.158, setWindowRect: true, strictFileInteractability: false, timeouts: {implicit: 0, pageLoad: 300000, script: 30000}, unhandledPromptBehavior: dismiss and notify, webauthn:extension:credBlob: true, webauthn:extension:largeBlob: true, webauthn:extension:minPinLength: true, webauthn:extension:prf: true, webauthn:virtualAuthenticators: true}
Session ID: 014bf53f0198a2c2db03db39bdeeabdb">
      <![CDATA[org.openqa.selenium.WebDriverException: unknown error: JavaScript code failed
from unknown command: 'Runtime.evaluate' wasn't found
  (Session info: chrome=138.0.7204.158)
Build info: version: '4.34.0', revision: '707dcb4246*'
System info: os.name: 'Windows 11', os.arch: 'amd64', os.version: '10.0', java.version: '21.0.4'
Driver info: org.openqa.selenium.chrome.ChromeDriver
Command: [014bf53f0198a2c2db03db39bdeeabdb, maximizeCurrentWindow {}]
Capabilities {acceptInsecureCerts: false, browserName: chrome, browserVersion: 138.0.7204.158, chrome: {chromedriverVersion: 138.0.7204.157 (e533e98b126..., userDataDir: C:\Users\DELLEN~1\AppData\L...}, fedcm:accounts: true, goog:chromeOptions: {debuggerAddress: localhost:56424}, networkConnectionEnabled: false, pageLoadStrategy: normal, platformName: windows, proxy: Proxy(), se:cdp: ws://localhost:56424/devtoo..., se:cdpVersion: 138.0.7204.158, setWindowRect: true, strictFileInteractability: false, timeouts: {implicit: 0, pageLoad: 300000, script: 30000}, unhandledPromptBehavior: dismiss and notify, webauthn:extension:credBlob: true, webauthn:extension:largeBlob: true, webauthn:extension:minPinLength: true, webauthn:extension:prf: true, webauthn:virtualAuthenticators: true}
Session ID: 014bf53f0198a2c2db03db39bdeeabdb
at org.openqa.selenium.remote.ErrorCodec.decode(ErrorCodec.java:167)
at org.openqa.selenium.remote.codec.w3c.W3CHttpResponseCodec.decode(W3CHttpResponseCodec.java:138)
at org.openqa.selenium.remote.codec.w3c.W3CHttpResponseCodec.decode(W3CHttpResponseCodec.java:50)
at org.openqa.selenium.remote.HttpCommandExecutor.execute(HttpCommandExecutor.java:215)
at org.openqa.selenium.remote.service.DriverCommandExecutor.invokeExecute(DriverCommandExecutor.java:216)
at org.openqa.selenium.remote.service.DriverCommandExecutor.execute(DriverCommandExecutor.java:174)
at org.openqa.selenium.remote.RemoteWebDriver.execute(RemoteWebDriver.java:544)
at org.openqa.selenium.remote.RemoteWebDriver.execute(RemoteWebDriver.java:617)
at org.openqa.selenium.remote.RemoteWebDriver.execute(RemoteWebDriver.java:621)
at org.openqa.selenium.remote.RemoteWebDriver$RemoteWebDriverOptions$RemoteWindow.maximize(RemoteWebDriver.java:1047)
at ipltesting.RobotExample.robotExample(RobotExample.java:21)
at java.base/java.util.ArrayList.forEach(ArrayList.java:1596)
... Removed 28 stack frames]]>
    </failure>
  </testcase> <!-- robotExample -->
  <testcase classname="ipltesting.Rollsroyce" name="mediaNavigation" time="186.688">
    <failure type="org.openqa.selenium.TimeoutException" message="java.util.concurrent.TimeoutException
Build info: version: &amp;apos;4.34.0&amp;apos;, revision: &amp;apos;707dcb4246*&amp;apos;
System info: os.name: &amp;apos;Windows 11&amp;apos;, os.arch: &amp;apos;amd64&amp;apos;, os.version: &amp;apos;10.0&amp;apos;, java.version: &amp;apos;21.0.4&amp;apos;
Driver info: org.openqa.selenium.chrome.ChromeDriver
Command: [c4fdf5d920242469447d5df00f6087cd, findElement {value=//li[@id=&amp;apos;nav-results-reports-and-presentations-level2&amp;apos; and @class=&amp;apos;level2 haschildren&amp;apos; and @aria-haspopup=&amp;apos;true&amp;apos;], using=xpath}]
Capabilities {acceptInsecureCerts: false, browserName: chrome, browserVersion: 138.0.7204.158, chrome: {chromedriverVersion: 138.0.7204.157 (e533e98b126..., userDataDir: C:\Users\DELLEN~1\AppData\L...}, fedcm:accounts: true, goog:chromeOptions: {debuggerAddress: localhost:56468}, networkConnectionEnabled: false, pageLoadStrategy: normal, platformName: windows, proxy: Proxy(), se:cdp: ws://localhost:56468/devtoo..., se:cdpVersion: 138.0.7204.158, setWindowRect: true, strictFileInteractability: false, timeouts: {implicit: 0, pageLoad: 300000, script: 30000}, unhandledPromptBehavior: dismiss and notify, webauthn:extension:credBlob: true, webauthn:extension:largeBlob: true, webauthn:extension:minPinLength: true, webauthn:extension:prf: true, webauthn:virtualAuthenticators: true}
Session ID: c4fdf5d920242469447d5df00f6087cd">
      <![CDATA[org.openqa.selenium.TimeoutException: java.util.concurrent.TimeoutException
Build info: version: '4.34.0', revision: '707dcb4246*'
System info: os.name: 'Windows 11', os.arch: 'amd64', os.version: '10.0', java.version: '21.0.4'
Driver info: org.openqa.selenium.chrome.ChromeDriver
Command: [c4fdf5d920242469447d5df00f6087cd, findElement {value=//li[@id='nav-results-reports-and-presentations-level2' and @class='level2 haschildren' and @aria-haspopup='true'], using=xpath}]
Capabilities {acceptInsecureCerts: false, browserName: chrome, browserVersion: 138.0.7204.158, chrome: {chromedriverVersion: 138.0.7204.157 (e533e98b126..., userDataDir: C:\Users\DELLEN~1\AppData\L...}, fedcm:accounts: true, goog:chromeOptions: {debuggerAddress: localhost:56468}, networkConnectionEnabled: false, pageLoadStrategy: normal, platformName: windows, proxy: Proxy(), se:cdp: ws://localhost:56468/devtoo..., se:cdpVersion: 138.0.7204.158, setWindowRect: true, strictFileInteractability: false, timeouts: {implicit: 0, pageLoad: 300000, script: 30000}, unhandledPromptBehavior: dismiss and notify, webauthn:extension:credBlob: true, webauthn:extension:largeBlob: true, webauthn:extension:minPinLength: true, webauthn:extension:prf: true, webauthn:virtualAuthenticators: true}
Session ID: c4fdf5d920242469447d5df00f6087cd
at org.openqa.selenium.remote.http.jdk.JdkHttpClient.execute(JdkHttpClient.java:427)
at org.openqa.selenium.remote.HttpCommandExecutor.execute(HttpCommandExecutor.java:212)
at org.openqa.selenium.remote.service.DriverCommandExecutor.invokeExecute(DriverCommandExecutor.java:216)
at org.openqa.selenium.remote.service.DriverCommandExecutor.execute(DriverCommandExecutor.java:174)
at org.openqa.selenium.remote.RemoteWebDriver.execute(RemoteWebDriver.java:544)
at org.openqa.selenium.remote.ElementLocation$ElementFinder$2.findElement(ElementLocation.java:165)
at org.openqa.selenium.remote.ElementLocation.findElement(ElementLocation.java:59)
at org.openqa.selenium.remote.RemoteWebDriver.findElement(RemoteWebDriver.java:367)
at org.openqa.selenium.remote.RemoteWebDriver.findElement(RemoteWebDriver.java:361)
at org.openqa.selenium.support.ui.ExpectedConditions$7.apply(ExpectedConditions.java:194)
at org.openqa.selenium.support.ui.ExpectedConditions$7.apply(ExpectedConditions.java:190)
at org.openqa.selenium.support.ui.ExpectedConditions$22.apply(ExpectedConditions.java:627)
at org.openqa.selenium.support.ui.ExpectedConditions$22.apply(ExpectedConditions.java:624)
at org.openqa.selenium.support.ui.FluentWait.until(FluentWait.java:203)
at pom.Obj_Rollsroyce.clickreportpresent(Obj_Rollsroyce.java:51)
at ipltesting.Rollsroyce.mediaNavigation(Rollsroyce.java:39)
at java.base/java.util.ArrayList.forEach(ArrayList.java:1596)
Caused by: java.util.concurrent.TimeoutException
at java.base/java.util.concurrent.CompletableFuture$Timeout.run(CompletableFuture.java:2920)
at java.base/java.util.concurrent.Executors$RunnableAdapter.call(Executors.java:572)
at java.base/java.util.concurrent.FutureTask.run(FutureTask.java:317)
at java.base/java.util.concurrent.ScheduledThreadPoolExecutor$ScheduledFutureTask.run(ScheduledThreadPoolExecutor.java:304)
at java.base/java.util.concurrent.ThreadPoolExecutor.runWorker(ThreadPoolExecutor.java:1144)
at java.base/java.util.concurrent.ThreadPoolExecutor$Worker.run(ThreadPoolExecutor.java:642)
at java.base/java.lang.Thread.run(Thread.java:1583)
... Removed 25 stack frames]]>
    </failure>
  </testcase> <!-- mediaNavigation -->
  <testcase classname="ipltesting.ScrollExample" name="amazonScrolling" time="31.724">
    <failure type="org.openqa.selenium.NoSuchElementException" message="no such element: Unable to locate element: {&amp;quot;method&amp;quot;:&amp;quot;xpath&amp;quot;,&amp;quot;selector&amp;quot;:&amp;quot;//h1[text()=&amp;apos;Technical Details&amp;apos;]&amp;quot;}
  (Session info: chrome=138.0.7204.158)
For documentation on this error, please visit: https://www.selenium.dev/documentation/webdriver/troubleshooting/errors#no-such-element-exception
Build info: version: &amp;apos;4.34.0&amp;apos;, revision: &amp;apos;707dcb4246*&amp;apos;
System info: os.name: &amp;apos;Windows 11&amp;apos;, os.arch: &amp;apos;amd64&amp;apos;, os.version: &amp;apos;10.0&amp;apos;, java.version: &amp;apos;21.0.4&amp;apos;
Driver info: org.openqa.selenium.chrome.ChromeDriver
Command: [65f359bc51c3b5ae5612293f8d859921, findElement {value=//h1[text()=&amp;apos;Technical Details&amp;apos;], using=xpath}]
Capabilities {acceptInsecureCerts: false, browserName: chrome, browserVersion: 138.0.7204.158, chrome: {chromedriverVersion: 138.0.7204.157 (e533e98b126..., userDataDir: C:\Users\DELLEN~1\AppData\L...}, fedcm:accounts: true, goog:chromeOptions: {debuggerAddress: localhost:56608}, networkConnectionEnabled: false, pageLoadStrategy: normal, platformName: windows, proxy: Proxy(), se:cdp: ws://localhost:56608/devtoo..., se:cdpVersion: 138.0.7204.158, setWindowRect: true, strictFileInteractability: false, timeouts: {implicit: 0, pageLoad: 300000, script: 30000}, unhandledPromptBehavior: dismiss and notify, webauthn:extension:credBlob: true, webauthn:extension:largeBlob: true, webauthn:extension:minPinLength: true, webauthn:extension:prf: true, webauthn:virtualAuthenticators: true}
Session ID: 65f359bc51c3b5ae5612293f8d859921">
      <![CDATA[org.openqa.selenium.NoSuchElementException: no such element: Unable to locate element: {"method":"xpath","selector":"//h1[text()='Technical Details']"}
  (Session info: chrome=138.0.7204.158)
For documentation on this error, please visit: https://www.selenium.dev/documentation/webdriver/troubleshooting/errors#no-such-element-exception
Build info: version: '4.34.0', revision: '707dcb4246*'
System info: os.name: 'Windows 11', os.arch: 'amd64', os.version: '10.0', java.version: '21.0.4'
Driver info: org.openqa.selenium.chrome.ChromeDriver
Command: [65f359bc51c3b5ae5612293f8d859921, findElement {value=//h1[text()='Technical Details'], using=xpath}]
Capabilities {acceptInsecureCerts: false, browserName: chrome, browserVersion: 138.0.7204.158, chrome: {chromedriverVersion: 138.0.7204.157 (e533e98b126..., userDataDir: C:\Users\DELLEN~1\AppData\L...}, fedcm:accounts: true, goog:chromeOptions: {debuggerAddress: localhost:56608}, networkConnectionEnabled: false, pageLoadStrategy: normal, platformName: windows, proxy: Proxy(), se:cdp: ws://localhost:56608/devtoo..., se:cdpVersion: 138.0.7204.158, setWindowRect: true, strictFileInteractability: false, timeouts: {implicit: 0, pageLoad: 300000, script: 30000}, unhandledPromptBehavior: dismiss and notify, webauthn:extension:credBlob: true, webauthn:extension:largeBlob: true, webauthn:extension:minPinLength: true, webauthn:extension:prf: true, webauthn:virtualAuthenticators: true}
Session ID: 65f359bc51c3b5ae5612293f8d859921
at org.openqa.selenium.remote.ErrorCodec.decode(ErrorCodec.java:167)
at org.openqa.selenium.remote.codec.w3c.W3CHttpResponseCodec.decode(W3CHttpResponseCodec.java:138)
at org.openqa.selenium.remote.codec.w3c.W3CHttpResponseCodec.decode(W3CHttpResponseCodec.java:50)
at org.openqa.selenium.remote.HttpCommandExecutor.execute(HttpCommandExecutor.java:215)
at org.openqa.selenium.remote.service.DriverCommandExecutor.invokeExecute(DriverCommandExecutor.java:216)
at org.openqa.selenium.remote.service.DriverCommandExecutor.execute(DriverCommandExecutor.java:174)
at org.openqa.selenium.remote.RemoteWebDriver.execute(RemoteWebDriver.java:544)
at org.openqa.selenium.remote.ElementLocation$ElementFinder$2.findElement(ElementLocation.java:165)
at org.openqa.selenium.remote.ElementLocation.findElement(ElementLocation.java:59)
at org.openqa.selenium.remote.RemoteWebDriver.findElement(RemoteWebDriver.java:367)
at org.openqa.selenium.remote.RemoteWebDriver.findElement(RemoteWebDriver.java:361)
at ipltesting.ScrollExample.amazonScrolling(ScrollExample.java:26)
at java.base/java.util.ArrayList.forEach(ArrayList.java:1596)
... Removed 28 stack frames]]>
    </failure>
  </testcase> <!-- amazonScrolling -->
  <testcase classname="ipltesting.ScrollExample" name="githubScrolling" time="10.519"/>
  <testcase classname="ipltesting.ScrollExample" name="youtubeScrolling" time="12.354"/>
  <testcase classname="ipltesting.SoftAssertExample" name="tc1" time="0.006"/>
  <testcase classname="ipltesting.SoftAssertExample" name="tc2" time="0.007">
    <failure type="java.lang.AssertionError" message="expected [true] but found [false]">
      <![CDATA[java.lang.AssertionError: expected [true] but found [false]
at ipltesting.SoftAssertExample.tc2(SoftAssertExample.java:29)
at java.base/java.util.ArrayList.forEach(ArrayList.java:1596)
... Removed 29 stack frames]]>
    </failure>
  </testcase> <!-- tc2 -->
  <testcase classname="ipltesting.Testing" name="OpenAmazon" time="7.109"/>
  <testcase classname="ipltesting.Testing" name="OpenFacebook" time="1.807"/>
  <testcase classname="ipltesting.TestPriorityExample" name="a1" time="0.001"/>
  <testcase classname="ipltesting.TestPriorityExample" name="a4" time="0.001"/>
  <testcase classname="ipltesting.TestPriorityExample" name="a2" time="0.001"/>
  <testcase classname="ipltesting.TestPriorityExample" name="a3" time="0.001"/>
  <testcase classname="ipltesting.TestRelatedExample" name="ValidUsernameandPassword" time="0.001"/>
  <testcase classname="ipltesting.TestRelatedExample" name="ValidUsernameandPassword1" time="0.002"/>
  <testcase classname="ipltesting.TestRelatedExample" name="ValidUsernameandPassword2" time="0.001"/>
  <testcase classname="ipltesting.Test_facebook" name="locator" time="6.673"/>
  <testcase classname="ipltesting.Test_facebook" name="openFacebook" time="7.42"/>
  <testcase classname="ipltesting.WaitExample" name="explitcitWaitExample" time="12.261"/>
  <testcase classname="ipltesting.WebElementCommand" name="AletExample" time="7.154"/>
  <testcase classname="ipltesting.WebElementCommand" name="elementAction" time="2.828"/>
  <testcase classname="ipltesting.WebElementCommand" name="ButtonAttribute" time="1.944"/>
  <testcase classname="ipltesting.WindowManagementExample" name="WindowHandlesdemo" time="11.805"/>
</testsuite> <!-- Test -->
